<?xml version="1.0" encoding="UTF-8"?>
<testsuite name="calculator.Calc" tests="1" skipped="0" failures="0" errors="0" timestamp="2020-11-03T03:12:54" hostname="kirschner" time="48.942">
  <properties/>
  <testcase name="soma_dois_numeros" classname="calculator.Calc" time="48.942"/>
  <system-out><![CDATA[]]></system-out>
  <system-err><![CDATA[Nov 03, 2020 12:13:33 AM io.appium.java_client.remote.AppiumCommandExecutor$1 lambda$0
INFO: Detected dialect: OSS
]]></system-err>
</testsuite>
